This is pdfTeX, Version 3.141592653-2.6-1.40.23 (MiKTeX 21.10) (preloaded format=pdflatex 2021.12.1)  29 MAY 2022 23:56
entering extended mode
**./20-design.tex
(20-design.tex
LaTeX2e <2021-11-15>
L3 programming layer <2021-11-22>
! Undefined control sequence.
l.1 \section
            {–ö–æ–Ω—Å—Ç—Ä—É–∫—Ç–æ—Ä—Å–∫–∞—è —á–∞—Å—Ç—å}
The control sequence at the end of the top line
of your error message was never \def'ed. If you have
misspelled it (e.g., `\hobx'), type `I' and the correct
spelling (e.g., `I\hbox'). Otherwise just continue,
and I'll forget about whatever was undefined.


! LaTeX Error: Unicode character –ö (U+041A)
               not set up for use with LaTeX.

See the LaTeX manual or LaTeX Companion for explanation.
Type  H <return>  for immediate help.
 ...                                              
                                                  
l.1 \section{–ö
               –æ–Ω—Å—Ç—Ä—É–∫—Ç–æ—Ä—Å–∫–∞—è —á–∞—Å—Ç—å}
You may provide a definition with
\DeclareUnicodeCharacter 


! LaTeX Error: Unicode character –æ (U+043E)
               not set up for use with LaTeX.

See the LaTeX manual or LaTeX Companion for explanation.
Type  H <return>  for immediate help.
 ...                                              
                                                  
l.1 \section{–ö–æ
                 –Ω—Å—Ç—Ä—É–∫—Ç–æ—Ä—Å–∫–∞—è —á–∞—Å—Ç—å}
You may provide a definition with
\DeclareUnicodeCharacter 


! LaTeX Error: Unicode character –Ω (U+043D)
               not set up for use with LaTeX.

See the LaTeX manual or LaTeX Companion for explanation.
Type  H <return>  for immediate help.
 ...                                              
                                                  
l.1 \section{–ö–æ–Ω
                   —Å—Ç—Ä—É–∫—Ç–æ—Ä—Å–∫–∞—è —á–∞—Å—Ç—å}
You may provide a definition with
\DeclareUnicodeCharacter 


! LaTeX Error: Unicode character —Å (U+0441)
               not set up for use with LaTeX.

See the LaTeX manual or LaTeX Companion for explanation.
Type  H <return>  for immediate help.
 ...                                              
                                                  
l.1 \section{–ö–æ–Ω—Å
                     —Ç—Ä—É–∫—Ç–æ—Ä—Å–∫–∞—è —á–∞—Å—Ç—å}
You may provide a definition with
\DeclareUnicodeCharacter 


! LaTeX Error: Unicode character —Ç (U+0442)
               not set up for use with LaTeX.

See the LaTeX manual or LaTeX Companion for explanation.
Type  H <return>  for immediate help.
 ...                                              
                                                  
l.1 \section{–ö–æ–Ω—Å—Ç
                       —Ä—É–∫—Ç–æ—Ä—Å–∫–∞—è —á–∞—Å—Ç—å}
You may provide a definition with
\DeclareUnicodeCharacter 


! LaTeX Error: Unicode character —Ä (U+0440)
               not set up for use with LaTeX.

See the LaTeX manual or LaTeX Companion for explanation.
Type  H <return>  for immediate help.
 ...                                              
                                                  
l.1 \section{–ö–æ–Ω—Å—Ç—Ä
                         —É–∫—Ç–æ—Ä—Å–∫–∞—è —á–∞—Å—Ç—å}
You may provide a definition with
\DeclareUnicodeCharacter 


! LaTeX Error: Unicode character —É (U+0443)
               not set up for use with LaTeX.

See the LaTeX manual or LaTeX Companion for explanation.
Type  H <return>  for immediate help.
 ...                                              
                                                  
l.1 \section{–ö–æ–Ω—Å—Ç—Ä—É
                           –∫—Ç–æ—Ä—Å–∫–∞—è —á–∞—Å—Ç—å}
You may provide a definition with
\DeclareUnicodeCharacter 


! LaTeX Error: Unicode character –∫ (U+043A)
               not set up for use with LaTeX.

See the LaTeX manual or LaTeX Companion for explanation.
Type  H <return>  for immediate help.
 ...                                              
                                                  
l.1 \section{–ö–æ–Ω—Å—Ç—Ä—É–∫
                             —Ç–æ—Ä—Å–∫–∞—è —á–∞—Å—Ç—å}
You may provide a definition with
\DeclareUnicodeCharacter 


! LaTeX Error: Unicode character —Ç (U+0442)
               not set up for use with LaTeX.

See the LaTeX manual or LaTeX Companion for explanation.
Type  H <return>  for immediate help.
 ...                                              
                                                  
l.1 \section{–ö–æ–Ω—Å—Ç—Ä—É–∫—Ç
                               –æ—Ä—Å–∫–∞—è —á–∞—Å—Ç—å}
You may provide a definition with
\DeclareUnicodeCharacter 


! LaTeX Error: Unicode character –æ (U+043E)
               not set up for use with LaTeX.

See the LaTeX manual or LaTeX Companion for explanation.
Type  H <return>  for immediate help.
 ...                                              
                                                  
l.1 \section{–ö–æ–Ω—Å—Ç—Ä—É–∫—Ç–æ
                                 —Ä—Å–∫–∞—è —á–∞—Å—Ç—å}
You may provide a definition with
\DeclareUnicodeCharacter 


! LaTeX Error: Unicode character —Ä (U+0440)
               not set up for use with LaTeX.

See the LaTeX manual or LaTeX Companion for explanation.
Type  H <return>  for immediate help.
 ...                                              
                                                  
l.1 \section{–ö–æ–Ω—Å—Ç—Ä—É–∫—Ç–æ—Ä
                                   —Å–∫–∞—è —á–∞—Å—Ç—å}
You may provide a definition with
\DeclareUnicodeCharacter 


! LaTeX Error: Unicode character —Å (U+0441)
               not set up for use with LaTeX.

See the LaTeX manual or LaTeX Companion for explanation.
Type  H <return>  for immediate help.
 ...                                              
                                                  
l.1 \section{–ö–æ–Ω—Å—Ç—Ä—É–∫—Ç–æ—Ä—Å
                                     –∫–∞—è —á–∞—Å—Ç—å}
You may provide a definition with
\DeclareUnicodeCharacter 


! LaTeX Error: Unicode character –∫ (U+043A)
               not set up for use with LaTeX.

See the LaTeX manual or LaTeX Companion for explanation.
Type  H <return>  for immediate help.
 ...                                              
                                                  
l.1 \section{–ö–æ–Ω—Å—Ç—Ä—É–∫—Ç–æ—Ä—Å–∫
                                       –∞—è —á–∞—Å—Ç—å}
You may provide a definition with
\DeclareUnicodeCharacter 


! LaTeX Error: Unicode character –∞ (U+0430)
               not set up for use with LaTeX.

See the LaTeX manual or LaTeX Companion for explanation.
Type  H <return>  for immediate help.
 ...                                              
                                                  
l.1 \section{–ö–æ–Ω—Å—Ç—Ä—É–∫—Ç–æ—Ä—Å–∫–∞
                                         —è —á–∞—Å—Ç—å}
You may provide a definition with
\DeclareUnicodeCharacter 


! LaTeX Error: Unicode character —è (U+044F)
               not set up for use with LaTeX.

See the LaTeX manual or LaTeX Companion for explanation.
Type  H <return>  for immediate help.
 ...                                              
                                                  
l.1 \section{–ö–æ–Ω—Å—Ç—Ä—É–∫—Ç–æ—Ä—Å–∫–∞—è
                                            —á–∞—Å—Ç—å}
You may provide a definition with
\DeclareUnicodeCharacter 


! LaTeX Error: Unicode character —á (U+0447)
               not set up for use with LaTeX.

See the LaTeX manual or LaTeX Companion for explanation.
Type  H <return>  for immediate help.
 ...                                              
                                                  
l.1 \section{–ö–æ–Ω—Å—Ç—Ä—É–∫—Ç–æ—Ä—Å–∫–∞—è —á
                                              –∞—Å—Ç—å}
You may provide a definition with
\DeclareUnicodeCharacter 


! LaTeX Error: Unicode character –∞ (U+0430)
               not set up for use with LaTeX.

See the LaTeX manual or LaTeX Companion for explanation.
Type  H <return>  for immediate help.
 ...                                              
                                                  
l.1 \section{–ö–æ–Ω—Å—Ç—Ä—É–∫—Ç–æ—Ä—Å–∫–∞—è —á–∞
                                                —Å—Ç—å}
You may provide a definition with
\DeclareUnicodeCharacter 


! LaTeX Error: Unicode character —Å (U+0441)
               not set up for use with LaTeX.

See the LaTeX manual or LaTeX Companion for explanation.
Type  H <return>  for immediate help.
 ...                                              
                                                  
l.1 \section{–ö–æ–Ω—Å—Ç—Ä—É–∫—Ç–æ—Ä—Å–∫–∞—è —á–∞—Å
                                                  —Ç—å}
You may provide a definition with
\DeclareUnicodeCharacter 


! LaTeX Error: Unicode character —Ç (U+0442)
               not set up for use with LaTeX.

See the LaTeX manual or LaTeX Companion for explanation.
Type  H <return>  for immediate help.
 ...                                              
                                                  
l.1 ...ion{–ö–æ–Ω—Å—Ç—Ä—É–∫—Ç–æ—Ä—Å–∫–∞—è —á–∞—Å—Ç
                                                  —å}
You may provide a definition with
\DeclareUnicodeCharacter 


! LaTeX Error: Unicode character —å (U+044C)
               not set up for use with LaTeX.

See the LaTeX manual or LaTeX Companion for explanation.
Type  H <return>  for immediate help.
 ...                                              
                                                  
l.1 ...n{–ö–æ–Ω—Å—Ç—Ä—É–∫—Ç–æ—Ä—Å–∫–∞—è —á–∞—Å—Ç—å
                                                  }
You may provide a definition with
\DeclareUnicodeCharacter 

! Undefined control sequence.
l.2 \subsection
               {–§–æ—Ä–º–∞—Ç –≤—Ö–æ–¥–Ω—ã—Ö –¥–∞–Ω–Ω—ã—Ö}
The control sequence at the end of the top line
of your error message was never \def'ed. If you have
misspelled it (e.g., `\hobx'), type `I' and the correct
spelling (e.g., `I\hbox'). Otherwise just continue,
and I'll forget about whatever was undefined.


! LaTeX Error: Unicode character –§ (U+0424)
               not set up for use with LaTeX.

See the LaTeX manual or LaTeX Companion for explanation.
Type  H <return>  for immediate help.
 ...                                              
                                                  
l.2 \subsection{–§
                  –æ—Ä–º–∞—Ç –≤—Ö–æ–¥–Ω—ã—Ö –¥–∞–Ω–Ω—ã—Ö}
You may provide a definition with
\DeclareUnicodeCharacter 


! LaTeX Error: Unicode character –æ (U+043E)
               not set up for use with LaTeX.

See the LaTeX manual or LaTeX Companion for explanation.
Type  H <return>  for immediate help.
 ...                                              
                                                  
l.2 \subsection{–§–æ
                    —Ä–º–∞—Ç –≤—Ö–æ–¥–Ω—ã—Ö –¥–∞–Ω–Ω—ã—Ö}
You may provide a definition with
\DeclareUnicodeCharacter 


! LaTeX Error: Unicode character —Ä (U+0440)
               not set up for use with LaTeX.

See the LaTeX manual or LaTeX Companion for explanation.
Type  H <return>  for immediate help.
 ...                                              
                                                  
l.2 \subsection{–§–æ—Ä
                      –º–∞—Ç –≤—Ö–æ–¥–Ω—ã—Ö –¥–∞–Ω–Ω—ã—Ö}
You may provide a definition with
\DeclareUnicodeCharacter 


! LaTeX Error: Unicode character –º (U+043C)
               not set up for use with LaTeX.

See the LaTeX manual or LaTeX Companion for explanation.
Type  H <return>  for immediate help.
 ...                                              
                                                  
l.2 \subsection{–§–æ—Ä–º
                        –∞—Ç –≤—Ö–æ–¥–Ω—ã—Ö –¥–∞–Ω–Ω—ã—Ö}
You may provide a definition with
\DeclareUnicodeCharacter 


! LaTeX Error: Unicode character –∞ (U+0430)
               not set up for use with LaTeX.

See the LaTeX manual or LaTeX Companion for explanation.
Type  H <return>  for immediate help.
 ...                                              
                                                  
l.2 \subsection{–§–æ—Ä–º–∞
                          —Ç –≤—Ö–æ–¥–Ω—ã—Ö –¥–∞–Ω–Ω—ã—Ö}
You may provide a definition with
\DeclareUnicodeCharacter 


! LaTeX Error: Unicode character —Ç (U+0442)
               not set up for use with LaTeX.

See the LaTeX manual or LaTeX Companion for explanation.
Type  H <return>  for immediate help.
 ...                                              
                                                  
l.2 \subsection{–§–æ—Ä–º–∞—Ç
                             –≤—Ö–æ–¥–Ω—ã—Ö –¥–∞–Ω–Ω—ã—Ö}
You may provide a definition with
\DeclareUnicodeCharacter 


! LaTeX Error: Unicode character –≤ (U+0432)
               not set up for use with LaTeX.

See the LaTeX manual or LaTeX Companion for explanation.
Type  H <return>  for immediate help.
 ...                                              
                                                  
l.2 \subsection{–§–æ—Ä–º–∞—Ç –≤
                               —Ö–æ–¥–Ω—ã—Ö –¥–∞–Ω–Ω—ã—Ö}
You may provide a definition with
\DeclareUnicodeCharacter 


! LaTeX Error: Unicode character —Ö (U+0445)
               not set up for use with LaTeX.

See the LaTeX manual or LaTeX Companion for explanation.
Type  H <return>  for immediate help.
 ...                                              
                                                  
l.2 \subsection{–§–æ—Ä–º–∞—Ç –≤—Ö
                                 –æ–¥–Ω—ã—Ö –¥–∞–Ω–Ω—ã—Ö}
You may provide a definition with
\DeclareUnicodeCharacter 


! LaTeX Error: Unicode character –æ (U+043E)
               not set up for use with LaTeX.

See the LaTeX manual or LaTeX Companion for explanation.
Type  H <return>  for immediate help.
 ...                                              
                                                  
l.2 \subsection{–§–æ—Ä–º–∞—Ç –≤—Ö–æ
                                   –¥–Ω—ã—Ö –¥–∞–Ω–Ω—ã—Ö}
You may provide a definition with
\DeclareUnicodeCharacter 


! LaTeX Error: Unicode character –¥ (U+0434)
               not set up for use with LaTeX.

See the LaTeX manual or LaTeX Companion for explanation.
Type  H <return>  for immediate help.
 ...                                              
                                                  
l.2 \subsection{–§–æ—Ä–º–∞—Ç –≤—Ö–æ–¥
                                     –Ω—ã—Ö –¥–∞–Ω–Ω—ã—Ö}
You may provide a definition with
\DeclareUnicodeCharacter 


! LaTeX Error: Unicode character –Ω (U+043D)
               not set up for use with LaTeX.

See the LaTeX manual or LaTeX Companion for explanation.
Type  H <return>  for immediate help.
 ...                                              
                                                  
l.2 \subsection{–§–æ—Ä–º–∞—Ç –≤—Ö–æ–¥–Ω
                                       —ã—Ö –¥–∞–Ω–Ω—ã—Ö}
You may provide a definition with
\DeclareUnicodeCharacter 


! LaTeX Error: Unicode character —ã (U+044B)
               not set up for use with LaTeX.

See the LaTeX manual or LaTeX Companion for explanation.
Type  H <return>  for immediate help.
 ...                                              
                                                  
l.2 \subsection{–§–æ—Ä–º–∞—Ç –≤—Ö–æ–¥–Ω—ã
                                         —Ö –¥–∞–Ω–Ω—ã—Ö}
You may provide a definition with
\DeclareUnicodeCharacter 


! LaTeX Error: Unicode character —Ö (U+0445)
               not set up for use with LaTeX.

See the LaTeX manual or LaTeX Companion for explanation.
Type  H <return>  for immediate help.
 ...                                              
                                                  
l.2 \subsection{–§–æ—Ä–º–∞—Ç –≤—Ö–æ–¥–Ω—ã—Ö
                                            –¥–∞–Ω–Ω—ã—Ö}
You may provide a definition with
\DeclareUnicodeCharacter 


! LaTeX Error: Unicode character –¥ (U+0434)
               not set up for use with LaTeX.

See the LaTeX manual or LaTeX Companion for explanation.
Type  H <return>  for immediate help.
 ...                                              
                                                  
l.2 \subsection{–§–æ—Ä–º–∞—Ç –≤—Ö–æ–¥–Ω—ã—Ö –¥
                                              –∞–Ω–Ω—ã—Ö}
You may provide a definition with
\DeclareUnicodeCharacter 


! LaTeX Error: Unicode character –∞ (U+0430)
               not set up for use with LaTeX.

See the LaTeX manual or LaTeX Companion for explanation.
Type  H <return>  for immediate help.
 ...                                              
                                                  
l.2 \subsection{–§–æ—Ä–º–∞—Ç –≤—Ö–æ–¥–Ω—ã—Ö –¥–∞
                                                –Ω–Ω—ã—Ö}
You may provide a definition with
\DeclareUnicodeCharacter 


! LaTeX Error: Unicode character –Ω (U+043D)
               not set up for use with LaTeX.

See the LaTeX manual or LaTeX Companion for explanation.
Type  H <return>  for immediate help.
 ...                                              
                                                  
l.2 \subsection{–§–æ—Ä–º–∞—Ç –≤—Ö–æ–¥–Ω—ã—Ö –¥–∞–Ω
                                                  –Ω—ã—Ö}
You may provide a definition with
\DeclareUnicodeCharacter 


! LaTeX Error: Unicode character –Ω (U+043D)
               not set up for use with LaTeX.

See the LaTeX manual or LaTeX Companion for explanation.
Type  H <return>  for immediate help.
 ...                                              
                                                  
l.2 ...ection{–§–æ—Ä–º–∞—Ç –≤—Ö–æ–¥–Ω—ã—Ö –¥–∞–Ω–Ω
                                                  —ã—Ö}
You may provide a definition with
\DeclareUnicodeCharacter 


! LaTeX Error: Unicode character —ã (U+044B)
               not set up for use with LaTeX.

See the LaTeX manual or LaTeX Companion for explanation.
Type  H <return>  for immediate help.
 ...                                              
                                                  
l.2 ...tion{–§–æ—Ä–º–∞—Ç –≤—Ö–æ–¥–Ω—ã—Ö –¥–∞–Ω–Ω—ã
                                                  —Ö}
You may provide a definition with
\DeclareUnicodeCharacter 


! LaTeX Error: Unicode character —Ö (U+0445)
               not set up for use with LaTeX.

See the LaTeX manual or LaTeX Companion for explanation.
Type  H <return>  for immediate help.
 ...                                              
                                                  
l.2 ...on{–§–æ—Ä–º–∞—Ç –≤—Ö–æ–¥–Ω—ã—Ö –¥–∞–Ω–Ω—ã—Ö
                                                  }
You may provide a definition with
\DeclareUnicodeCharacter 


! LaTeX Error: Unicode character –í (U+0412)
               not set up for use with LaTeX.

See the LaTeX manual or LaTeX Companion for explanation.
Type  H <return>  for immediate help.
 ...                                              
                                                  
l.3 –í
       –∫–∞—á–µ—Å—Ç–≤–µ –≤—Ö–æ–¥–Ω—ã—Ö –¥–∞–Ω–Ω—ã—Ö –≤—ã—Å—Ç—É–ø–∞–µ—Ç –ø–æ–...

You may provide a definition with
\DeclareUnicodeCharacter 


! LaTeX Error: Unicode character –∫ (U+043A)
               not set up for use with LaTeX.

See the LaTeX manual or LaTeX Companion for explanation.
Type  H <return>  for immediate help.
 ...                                              
                                                  
l.3 –í –∫
         –∞—á–µ—Å—Ç–≤–µ –≤—Ö–æ–¥–Ω—ã—Ö –¥–∞–Ω–Ω—ã—Ö –≤—ã—Å—Ç—É–ø–∞–µ—Ç –ø–æ–...

You may provide a definition with
\DeclareUnicodeCharacter 


! LaTeX Error: Unicode character –∞ (U+0430)
               not set up for use with LaTeX.

See the LaTeX manual or LaTeX Companion for explanation.
Type  H <return>  for immediate help.
 ...                                              
                                                  
l.3 –í –∫–∞
           —á–µ—Å—Ç–≤–µ –≤—Ö–æ–¥–Ω—ã—Ö –¥–∞–Ω–Ω—ã—Ö –≤—ã—Å—Ç—É–ø–∞–µ—Ç –ø–æ–...

You may provide a definition with
\DeclareUnicodeCharacter 


! LaTeX Error: Unicode character —á (U+0447)
               not set up for use with LaTeX.

See the LaTeX manual or LaTeX Companion for explanation.
Type  H <return>  for immediate help.
 ...                                              
                                                  
l.3 –í –∫–∞—á
             –µ—Å—Ç–≤–µ –≤—Ö–æ–¥–Ω—ã—Ö –¥–∞–Ω–Ω—ã—Ö –≤—ã—Å—Ç—É–ø–∞–µ—Ç –ø–æ–...

You may provide a definition with
\DeclareUnicodeCharacter 


! LaTeX Error: Unicode character –µ (U+0435)
               not set up for use with LaTeX.

See the LaTeX manual or LaTeX Companion for explanation.
Type  H <return>  for immediate help.
 ...                                              
                                                  
l.3 –í –∫–∞—á–µ
               —Å—Ç–≤–µ –≤—Ö–æ–¥–Ω—ã—Ö –¥–∞–Ω–Ω—ã—Ö –≤—ã—Å—Ç—É–ø–∞–µ—Ç –ø–æ–...

You may provide a definition with
\DeclareUnicodeCharacter 


! LaTeX Error: Unicode character —Å (U+0441)
               not set up for use with LaTeX.

See the LaTeX manual or LaTeX Companion for explanation.
Type  H <return>  for immediate help.
 ...                                              
                                                  
l.3 –í –∫–∞—á–µ—Å
                 —Ç–≤–µ –≤—Ö–æ–¥–Ω—ã—Ö –¥–∞–Ω–Ω—ã—Ö –≤—ã—Å—Ç—É–ø–∞–µ—Ç –ø–æ–...

You may provide a definition with
\DeclareUnicodeCharacter 


! LaTeX Error: Unicode character —Ç (U+0442)
               not set up for use with LaTeX.

See the LaTeX manual or LaTeX Companion for explanation.
Type  H <return>  for immediate help.
 ...                                              
                                                  
l.3 –í –∫–∞—á–µ—Å—Ç
                   –≤–µ –≤—Ö–æ–¥–Ω—ã—Ö –¥–∞–Ω–Ω—ã—Ö –≤—ã—Å—Ç—É–ø–∞–µ—Ç –ø–æ–...

You may provide a definition with
\DeclareUnicodeCharacter 


! LaTeX Error: Unicode character –≤ (U+0432)
               not set up for use with LaTeX.

See the LaTeX manual or LaTeX Companion for explanation.
Type  H <return>  for immediate help.
 ...                                              
                                                  
l.3 –í –∫–∞—á–µ—Å—Ç–≤
                     –µ –≤—Ö–æ–¥–Ω—ã—Ö –¥–∞–Ω–Ω—ã—Ö –≤—ã—Å—Ç—É–ø–∞–µ—Ç –ø–æ–...

You may provide a definition with
\DeclareUnicodeCharacter 


! LaTeX Error: Unicode character –µ (U+0435)
               not set up for use with LaTeX.

See the LaTeX manual or LaTeX Companion for explanation.
Type  H <return>  for immediate help.
 ...                                              
                                                  
l.3 –í –∫–∞—á–µ—Å—Ç–≤–µ
                        –≤—Ö–æ–¥–Ω—ã—Ö –¥–∞–Ω–Ω—ã—Ö –≤—ã—Å—Ç—É–ø–∞–µ—Ç –ø–æ–...

You may provide a definition with
\DeclareUnicodeCharacter 


! LaTeX Error: Unicode character –≤ (U+0432)
               not set up for use with LaTeX.

See the LaTeX manual or LaTeX Companion for explanation.
Type  H <return>  for immediate help.
 ...                                              
                                                  
l.3 –í –∫–∞—á–µ—Å—Ç–≤–µ –≤
                          —Ö–æ–¥–Ω—ã—Ö –¥–∞–Ω–Ω—ã—Ö –≤—ã—Å—Ç—É–ø–∞–µ—Ç –ø–æ–...

You may provide a definition with
\DeclareUnicodeCharacter 


! LaTeX Error: Unicode character —Ö (U+0445)
               not set up for use with LaTeX.

See the LaTeX manual or LaTeX Companion for explanation.
Type  H <return>  for immediate help.
 ...                                              
                                                  
l.3 –í –∫–∞—á–µ—Å—Ç–≤–µ –≤—Ö
                            –æ–¥–Ω—ã—Ö –¥–∞–Ω–Ω—ã—Ö –≤—ã—Å—Ç—É–ø–∞–µ—Ç –ø–æ–...

You may provide a definition with
\DeclareUnicodeCharacter 


! LaTeX Error: Unicode character –æ (U+043E)
               not set up for use with LaTeX.

See the LaTeX manual or LaTeX Companion for explanation.
Type  H <return>  for immediate help.
 ...                                              
                                                  
l.3 –í –∫–∞—á–µ—Å—Ç–≤–µ –≤—Ö–æ
                              –¥–Ω—ã—Ö –¥–∞–Ω–Ω—ã—Ö –≤—ã—Å—Ç—É–ø–∞–µ—Ç –ø–æ–...

You may provide a definition with
\DeclareUnicodeCharacter 


! LaTeX Error: Unicode character –¥ (U+0434)
               not set up for use with LaTeX.

See the LaTeX manual or LaTeX Companion for explanation.
Type  H <return>  for immediate help.
 ...                                              
                                                  
l.3 –í –∫–∞—á–µ—Å—Ç–≤–µ –≤—Ö–æ–¥
                                –Ω—ã—Ö –¥–∞–Ω–Ω—ã—Ö –≤—ã—Å—Ç—É–ø–∞–µ—Ç –ø–æ–...

You may provide a definition with
\DeclareUnicodeCharacter 


! LaTeX Error: Unicode character –Ω (U+043D)
               not set up for use with LaTeX.

See the LaTeX manual or LaTeX Companion for explanation.
Type  H <return>  for immediate help.
 ...                                              
                                                  
l.3 –í –∫–∞—á–µ—Å—Ç–≤–µ –≤—Ö–æ–¥–Ω
                                  —ã—Ö –¥–∞–Ω–Ω—ã—Ö –≤—ã—Å—Ç—É–ø–∞–µ—Ç –ø–æ–...

You may provide a definition with
\DeclareUnicodeCharacter 


! LaTeX Error: Unicode character —ã (U+044B)
               not set up for use with LaTeX.

See the LaTeX manual or LaTeX Companion for explanation.
Type  H <return>  for immediate help.
 ...                                              
                                                  
l.3 –í –∫–∞—á–µ—Å—Ç–≤–µ –≤—Ö–æ–¥–Ω—ã
                                    —Ö –¥–∞–Ω–Ω—ã—Ö –≤—ã—Å—Ç—É–ø–∞–µ—Ç –ø–æ–...

You may provide a definition with
\DeclareUnicodeCharacter 


! LaTeX Error: Unicode character —Ö (U+0445)
               not set up for use with LaTeX.

See the LaTeX manual or LaTeX Companion for explanation.
Type  H <return>  for immediate help.
 ...                                              
                                                  
l.3 –í –∫–∞—á–µ—Å—Ç–≤–µ –≤—Ö–æ–¥–Ω—ã—Ö
                                       –¥–∞–Ω–Ω—ã—Ö –≤—ã—Å—Ç—É–ø–∞–µ—Ç –ø–æ–...

You may provide a definition with
\DeclareUnicodeCharacter 


! LaTeX Error: Unicode character –¥ (U+0434)
               not set up for use with LaTeX.

See the LaTeX manual or LaTeX Companion for explanation.
Type  H <return>  for immediate help.
 ...                                              
                                                  
l.3 –í –∫–∞—á–µ—Å—Ç–≤–µ –≤—Ö–æ–¥–Ω—ã—Ö –¥
                                         –∞–Ω–Ω—ã—Ö –≤—ã—Å—Ç—É–ø–∞–µ—Ç –ø–æ–...

You may provide a definition with
\DeclareUnicodeCharacter 


! LaTeX Error: Unicode character –∞ (U+0430)
               not set up for use with LaTeX.

See the LaTeX manual or LaTeX Companion for explanation.
Type  H <return>  for immediate help.
 ...                                              
                                                  
l.3 –í –∫–∞—á–µ—Å—Ç–≤–µ –≤—Ö–æ–¥–Ω—ã—Ö –¥–∞
                                           –Ω–Ω—ã—Ö –≤—ã—Å—Ç—É–ø–∞–µ—Ç –ø–æ–...

You may provide a definition with
\DeclareUnicodeCharacter 


! LaTeX Error: Unicode character –Ω (U+043D)
               not set up for use with LaTeX.

See the LaTeX manual or LaTeX Companion for explanation.
Type  H <return>  for immediate help.
 ...                                              
                                                  
l.3 –í –∫–∞—á–µ—Å—Ç–≤–µ –≤—Ö–æ–¥–Ω—ã—Ö –¥–∞–Ω
                                             –Ω—ã—Ö –≤—ã—Å—Ç—É–ø–∞–µ—Ç –ø–æ–...

You may provide a definition with
\DeclareUnicodeCharacter 


! LaTeX Error: Unicode character –Ω (U+043D)
               not set up for use with LaTeX.

See the LaTeX manual or LaTeX Companion for explanation.
Type  H <return>  for immediate help.
 ...                                              
                                                  
l.3 –í –∫–∞—á–µ—Å—Ç–≤–µ –≤—Ö–æ–¥–Ω—ã—Ö –¥–∞–Ω–Ω
                                               —ã—Ö –≤—ã—Å—Ç—É–ø–∞–µ—Ç –ø–æ–...

You may provide a definition with
\DeclareUnicodeCharacter 


! LaTeX Error: Unicode character —ã (U+044B)
               not set up for use with LaTeX.

See the LaTeX manual or LaTeX Companion for explanation.
Type  H <return>  for immediate help.
 ...                                              
                                                  
l.3 –í –∫–∞—á–µ—Å—Ç–≤–µ –≤—Ö–æ–¥–Ω—ã—Ö –¥–∞–Ω–Ω—ã
                                                 —Ö –≤—ã—Å—Ç—É–ø–∞–µ—Ç –ø–æ–...

You may provide a definition with
\DeclareUnicodeCharacter 


! LaTeX Error: Unicode character —Ö (U+0445)
               not set up for use with LaTeX.

See the LaTeX manual or LaTeX Companion for explanation.
Type  H <return>  for immediate help.
 ...                                              
                                                  
l.3 ...∫–∞—á–µ—Å—Ç–≤–µ –≤—Ö–æ–¥–Ω—ã—Ö –¥–∞–Ω–Ω—ã—Ö
                                                   –≤—ã—Å—Ç—É–ø–∞–µ—Ç –ø–æ–ª...

You may provide a definition with
\DeclareUnicodeCharacter 


! LaTeX Error: Unicode character –≤ (U+0432)
               not set up for use with LaTeX.

See the LaTeX manual or LaTeX Companion for explanation.
Type  H <return>  for immediate help.
 ...                                              
                                                  
l.3 ...—á–µ—Å—Ç–≤–µ –≤—Ö–æ–¥–Ω—ã—Ö –¥–∞–Ω–Ω—ã—Ö –≤
                                                  —ã—Å—Ç—É–ø–∞–µ—Ç –ø–æ–ª—å–...

You may provide a definition with
\DeclareUnicodeCharacter 


! LaTeX Error: Unicode character —ã (U+044B)
               not set up for use with LaTeX.

See the LaTeX manual or LaTeX Companion for explanation.
Type  H <return>  for immediate help.
 ...                                              
                                                  
l.3 ...–µ—Å—Ç–≤–µ –≤—Ö–æ–¥–Ω—ã—Ö –¥–∞–Ω–Ω—ã—Ö –≤—ã
                                                  —Å—Ç—É–ø–∞–µ—Ç –ø–æ–ª—å–∑–...

You may provide a definition with
\DeclareUnicodeCharacter 


! LaTeX Error: Unicode character —Å (U+0441)
               not set up for use with LaTeX.

See the LaTeX manual or LaTeX Companion for explanation.
Type  H <return>  for immediate help.
 ...                                              
                                                  
l.3 ...—Å—Ç–≤–µ –≤—Ö–æ–¥–Ω—ã—Ö –¥–∞–Ω–Ω—ã—Ö –≤—ã—Å
                                                  —Ç—É–ø–∞–µ—Ç –ø–æ–ª—å–∑–æ–...

You may provide a definition with
\DeclareUnicodeCharacter 


! LaTeX Error: Unicode character —Ç (U+0442)
               not set up for use with LaTeX.

See the LaTeX manual or LaTeX Companion for explanation.
Type  H <return>  for immediate help.
 ...                                              
                                                  
l.3 ...—Ç–≤–µ –≤—Ö–æ–¥–Ω—ã—Ö –¥–∞–Ω–Ω—ã—Ö –≤—ã—Å—Ç
                                                  —É–ø–∞–µ—Ç –ø–æ–ª—å–∑–æ–≤–...

You may provide a definition with
\DeclareUnicodeCharacter 


! LaTeX Error: Unicode character —É (U+0443)
               not set up for use with LaTeX.

See the LaTeX manual or LaTeX Companion for explanation.
Type  H <return>  for immediate help.
 ...                                              
                                                  
l.3 ...–≤–µ –≤—Ö–æ–¥–Ω—ã—Ö –¥–∞–Ω–Ω—ã—Ö –≤—ã—Å—Ç—É
                                                  –ø–∞–µ—Ç –ø–æ–ª—å–∑–æ–≤–∞—...

You may provide a definition with
\DeclareUnicodeCharacter 


! LaTeX Error: Unicode character –ø (U+043F)
               not set up for use with LaTeX.

See the LaTeX manual or LaTeX Companion for explanation.
Type  H <return>  for immediate help.
 ...                                              
                                                  
l.3 ...–µ –≤—Ö–æ–¥–Ω—ã—Ö –¥–∞–Ω–Ω—ã—Ö –≤—ã—Å—Ç—É–ø
                                                  –∞–µ—Ç –ø–æ–ª—å–∑–æ–≤–∞—Ç–...

You may provide a definition with
\DeclareUnicodeCharacter 


! LaTeX Error: Unicode character –∞ (U+0430)
               not set up for use with LaTeX.

See the LaTeX manual or LaTeX Companion for explanation.
Type  H <return>  for immediate help.
 ...                                              
                                                  
l.3 ... –≤—Ö–æ–¥–Ω—ã—Ö –¥–∞–Ω–Ω—ã—Ö –≤—ã—Å—Ç—É–ø–∞
                                                  –µ—Ç –ø–æ–ª—å–∑–æ–≤–∞—Ç–µ–...

You may provide a definition with
\DeclareUnicodeCharacter 


! LaTeX Error: Unicode character –µ (U+0435)
               not set up for use with LaTeX.

See the LaTeX manual or LaTeX Companion for explanation.
Type  H <return>  for immediate help.
 ...                                              
                                                  
l.3 ...≤—Ö–æ–¥–Ω—ã—Ö –¥–∞–Ω–Ω—ã—Ö –≤—ã—Å—Ç—É–ø–∞–µ
                                                  —Ç –ø–æ–ª—å–∑–æ–≤–∞—Ç–µ–ª—...

You may provide a definition with
\DeclareUnicodeCharacter 


! LaTeX Error: Unicode character —Ç (U+0442)
               not set up for use with LaTeX.

See the LaTeX manual or LaTeX Companion for explanation.
Type  H <return>  for immediate help.
 ...                                              
                                                  
l.3 ...Ö–æ–¥–Ω—ã—Ö –¥–∞–Ω–Ω—ã—Ö –≤—ã—Å—Ç—É–ø–∞–µ—Ç
                                                   –ø–æ–ª—å–∑–æ–≤–∞—Ç–µ–ª—å—...

You may provide a definition with
\DeclareUnicodeCharacter 


! LaTeX Error: Unicode character –ø (U+043F)
               not set up for use with LaTeX.

See the LaTeX manual or LaTeX Companion for explanation.
Type  H <return>  for immediate help.
 ...                                              
                                                  
l.3 ...–¥–Ω—ã—Ö –¥–∞–Ω–Ω—ã—Ö –≤—ã—Å—Ç—É–ø–∞–µ—Ç –ø
                                                  –æ–ª—å–∑–æ–≤–∞—Ç–µ–ª—å—Å–∫...

You may provide a definition with
\DeclareUnicodeCharacter 


! LaTeX Error: Unicode character –æ (U+043E)
               not set up for use with LaTeX.

See the LaTeX manual or LaTeX Companion for explanation.
Type  H <return>  for immediate help.
 ...                                              
                                                  
l.3 ...–Ω—ã—Ö –¥–∞–Ω–Ω—ã—Ö –≤—ã—Å—Ç—É–ø–∞–µ—Ç –ø–æ
                                                  –ª—å–∑–æ–≤–∞—Ç–µ–ª—å—Å–∫–æ...

You may provide a definition with
\DeclareUnicodeCharacter 


! LaTeX Error: Unicode character –ª (U+043B)
               not set up for use with LaTeX.

See the LaTeX manual or LaTeX Companion for explanation.
Type  H <return>  for immediate help.
 ...                                              
                                                  
l.3 ...—ã—Ö –¥–∞–Ω–Ω—ã—Ö –≤—ã—Å—Ç—É–ø–∞–µ—Ç –ø–æ–ª
                                                  —å–∑–æ–≤–∞—Ç–µ–ª—å—Å–∫–æ–µ...

You may provide a definition with
\DeclareUnicodeCharacter 


! LaTeX Error: Unicode character —å (U+044C)
               not set up for use with LaTeX.

See the LaTeX manual or LaTeX Companion for explanation.
Type  H <return>  for immediate help.
 ...                                              
                                                  
l.3 ...—Ö –¥–∞–Ω–Ω—ã—Ö –≤—ã—Å—Ç—É–ø–∞–µ—Ç –ø–æ–ª—å
                                                  –∑–æ–≤–∞—Ç–µ–ª—å—Å–∫–æ–µ –...

You may provide a definition with
\DeclareUnicodeCharacter 


! LaTeX Error: Unicode character –∑ (U+0437)
               not set up for use with LaTeX.

See the LaTeX manual or LaTeX Companion for explanation.
Type  H <return>  for immediate help.
 ...                                              
                                                  
l.3 ... –¥–∞–Ω–Ω—ã—Ö –≤—ã—Å—Ç—É–ø–∞–µ—Ç –ø–æ–ª—å–∑
                                                  –æ–≤–∞—Ç–µ–ª—å—Å–∫–æ–µ –æ–...

You may provide a definition with
\DeclareUnicodeCharacter 


! LaTeX Error: Unicode character –æ (U+043E)
               not set up for use with LaTeX.

See the LaTeX manual or LaTeX Companion for explanation.
Type  H <return>  for immediate help.
 ...                                              
                                                  
l.3 ...¥–∞–Ω–Ω—ã—Ö –≤—ã—Å—Ç—É–ø–∞–µ—Ç –ø–æ–ª—å–∑–æ
                                                  –≤–∞—Ç–µ–ª—å—Å–∫–æ–µ –æ–ø–...

You may provide a definition with
\DeclareUnicodeCharacter 


! LaTeX Error: Unicode character –≤ (U+0432)
               not set up for use with LaTeX.

See the LaTeX manual or LaTeX Companion for explanation.
Type  H <return>  for immediate help.
 ...                                              
                                                  
l.3 ...∞–Ω–Ω—ã—Ö –≤—ã—Å—Ç—É–ø–∞–µ—Ç –ø–æ–ª—å–∑–æ–≤
                                                  –∞—Ç–µ–ª—å—Å–∫–æ–µ –æ–ø–∏—...

You may provide a definition with
\DeclareUnicodeCharacter 


! LaTeX Error: Unicode character –∞ (U+0430)
               not set up for use with LaTeX.

See the LaTeX manual or LaTeX Companion for explanation.
Type  H <return>  for immediate help.
 ...                                              
                                                  
l.3 ...Ω–Ω—ã—Ö –≤—ã—Å—Ç—É–ø–∞–µ—Ç –ø–æ–ª—å–∑–æ–≤–∞
                                                  —Ç–µ–ª—å—Å–∫–æ–µ –æ–ø–∏—Å–...

You may provide a definition with
\DeclareUnicodeCharacter 


! LaTeX Error: Unicode character —Ç (U+0442)
               not set up for use with LaTeX.

See the LaTeX manual or LaTeX Companion for explanation.
Type  H <return>  for immediate help.
 ...                                              
                                                  
l.3 ...Ω—ã—Ö –≤—ã—Å—Ç—É–ø–∞–µ—Ç –ø–æ–ª—å–∑–æ–≤–∞—Ç
                                                  –µ–ª—å—Å–∫–æ–µ –æ–ø–∏—Å–∞–...

You may provide a definition with
\DeclareUnicodeCharacter 


! LaTeX Error: Unicode character –µ (U+0435)
               not set up for use with LaTeX.

See the LaTeX manual or LaTeX Companion for explanation.
Type  H <return>  for immediate help.
 ...                                              
                                                  
l.3 ...ã—Ö –≤—ã—Å—Ç—É–ø–∞–µ—Ç –ø–æ–ª—å–∑–æ–≤–∞—Ç–µ
                                                  –ª—å—Å–∫–æ–µ –æ–ø–∏—Å–∞–Ω–...

You may provide a definition with
\DeclareUnicodeCharacter 


! LaTeX Error: Unicode character –ª (U+043B)
               not set up for use with LaTeX.

See the LaTeX manual or LaTeX Companion for explanation.
Type  H <return>  for immediate help.
 ...                                              
                                                  
l.3 ...Ö –≤—ã—Å—Ç—É–ø–∞–µ—Ç –ø–æ–ª—å–∑–æ–≤–∞—Ç–µ–ª
                                                  —å—Å–∫–æ–µ –æ–ø–∏—Å–∞–Ω–∏–...

You may provide a definition with
\DeclareUnicodeCharacter 


! LaTeX Error: Unicode character —å (U+044C)
               not set up for use with LaTeX.

See the LaTeX manual or LaTeX Companion for explanation.
Type  H <return>  for immediate help.
 ...                                              
                                                  
l.3 ...–≤—ã—Å—Ç—É–ø–∞–µ—Ç –ø–æ–ª—å–∑–æ–≤–∞—Ç–µ–ª—å
                                                  —Å–∫–æ–µ –æ–ø–∏—Å–∞–Ω–∏–µ ...

You may provide a definition with
\DeclareUnicodeCharacter 


! LaTeX Error: Unicode character —Å (U+0441)
               not set up for use with LaTeX.

See the LaTeX manual or LaTeX Companion for explanation.
Type  H <return>  for immediate help.
 ...                                              
                                                  
l.3 ...—ã—Å—Ç—É–ø–∞–µ—Ç –ø–æ–ª—å–∑–æ–≤–∞—Ç–µ–ª—å—Å
                                                  –∫–æ–µ –æ–ø–∏—Å–∞–Ω–∏–µ –∫...

You may provide a definition with
\DeclareUnicodeCharacter 


! LaTeX Error: Unicode character –∫ (U+043A)
               not set up for use with LaTeX.

See the LaTeX manual or LaTeX Companion for explanation.
Type  H <return>  for immediate help.
 ...                                              
                                                  
l.3 ...—Å—Ç—É–ø–∞–µ—Ç –ø–æ–ª—å–∑–æ–≤–∞—Ç–µ–ª—å—Å–∫
                                                  –æ–µ –æ–ø–∏—Å–∞–Ω–∏–µ –∫–∞...

You may provide a definition with
\DeclareUnicodeCharacter 


! LaTeX Error: Unicode character –æ (U+043E)
               not set up for use with LaTeX.

See the LaTeX manual or LaTeX Companion for explanation.
Type  H <return>  for immediate help.
 ...                                              
                                                  
l.3 ...—Ç—É–ø–∞–µ—Ç –ø–æ–ª—å–∑–æ–≤–∞—Ç–µ–ª—å—Å–∫–æ
                                                  –µ –æ–ø–∏—Å–∞–Ω–∏–µ –∫–∞–∫...

You may provide a definition with
\DeclareUnicodeCharacter 


! LaTeX Error: Unicode character –µ (U+0435)
               not set up for use with LaTeX.

See the LaTeX manual or LaTeX Companion for explanation.
Type  H <return>  for immediate help.
 ...                                              
                                                  
l.3 ...—É–ø–∞–µ—Ç –ø–æ–ª—å–∑–æ–≤–∞—Ç–µ–ª—å—Å–∫–æ–µ
                                                   –æ–ø–∏—Å–∞–Ω–∏–µ –∫–∞–∫–æ...

You may provide a definition with
\DeclareUnicodeCharacter 


! LaTeX Error: Unicode character –æ (U+043E)
               not set up for use with LaTeX.

See the LaTeX manual or LaTeX Companion for explanation.
Type  H <return>  for immediate help.
 ...                                              
                                                  
l.3 ...ø–∞–µ—Ç –ø–æ–ª—å–∑–æ–≤–∞—Ç–µ–ª—å—Å–∫–æ–µ –æ
                                                  –ø–∏—Å–∞–Ω–∏–µ –∫–∞–∫–æ–≥–...

You may provide a definition with
\DeclareUnicodeCharacter 


! LaTeX Error: Unicode character –ø (U+043F)
               not set up for use with LaTeX.

See the LaTeX manual or LaTeX Companion for explanation.
Type  H <return>  for immediate help.
 ...                                              
                                                  
l.3 ...∞–µ—Ç –ø–æ–ª—å–∑–æ–≤–∞—Ç–µ–ª—å—Å–∫–æ–µ –æ–ø
                                                  –∏—Å–∞–Ω–∏–µ –∫–∞–∫–æ–≥–æ-...

You may provide a definition with
\DeclareUnicodeCharacter 


! LaTeX Error: Unicode character –∏ (U+0438)
               not set up for use with LaTeX.

See the LaTeX manual or LaTeX Companion for explanation.
Type  H <return>  for immediate help.
 ...                                              
                                                  
l.3 ...µ—Ç –ø–æ–ª—å–∑–æ–≤–∞—Ç–µ–ª—å—Å–∫–æ–µ –æ–ø–∏
                                                  —Å–∞–Ω–∏–µ –∫–∞–∫–æ–≥–æ-–ª...

You may provide a definition with
\DeclareUnicodeCharacter 


! LaTeX Error: Unicode character —Å (U+0441)
               not set up for use with LaTeX.

See the LaTeX manual or LaTeX Companion for explanation.
Type  H <return>  for immediate help.
 ...                                              
                                                  
l.3 ...Ç –ø–æ–ª—å–∑–æ–≤–∞—Ç–µ–ª—å—Å–∫–æ–µ –æ–ø–∏—Å
                                                  –∞–Ω–∏–µ –∫–∞–∫–æ–≥–æ-–ª–∏...

You may provide a definition with
\DeclareUnicodeCharacter 


! LaTeX Error: Unicode character –∞ (U+0430)
               not set up for use with LaTeX.

See the LaTeX manual or LaTeX Companion for explanation.
Type  H <return>  for immediate help.
 ...                                              
                                                  
l.3 ...–ø–æ–ª—å–∑–æ–≤–∞—Ç–µ–ª—å—Å–∫–æ–µ –æ–ø–∏—Å–∞
                                                  –Ω–∏–µ –∫–∞–∫–æ–≥–æ-–ª–∏–±...

You may provide a definition with
\DeclareUnicodeCharacter 


! LaTeX Error: Unicode character –Ω (U+043D)
               not set up for use with LaTeX.

See the LaTeX manual or LaTeX Companion for explanation.
Type  H <return>  for immediate help.
 ...                                              
                                                  
l.3 ...–æ–ª—å–∑–æ–≤–∞—Ç–µ–ª—å—Å–∫–æ–µ –æ–ø–∏—Å–∞–Ω
                                                  –∏–µ –∫–∞–∫–æ–≥–æ-–ª–∏–±–æ...

You may provide a definition with
\DeclareUnicodeCharacter 


! LaTeX Error: Unicode character –∏ (U+0438)
               not set up for use with LaTeX.

See the LaTeX manual or LaTeX Companion for explanation.
Type  H <return>  for immediate help.
 ...                                              
                                                  
l.3 ...–ª—å–∑–æ–≤–∞—Ç–µ–ª—å—Å–∫–æ–µ –æ–ø–∏—Å–∞–Ω–∏
                                                  –µ –∫–∞–∫–æ–≥–æ-–ª–∏–±–æ –...

You may provide a definition with
\DeclareUnicodeCharacter 


! LaTeX Error: Unicode character –µ (U+0435)
               not set up for use with LaTeX.

See the LaTeX manual or LaTeX Companion for explanation.
Type  H <return>  for immediate help.
 ...                                              
                                                  
l.3 ...—å–∑–æ–≤–∞—Ç–µ–ª—å—Å–∫–æ–µ –æ–ø–∏—Å–∞–Ω–∏–µ
                                                   –∫–∞–∫–æ–≥–æ-–ª–∏–±–æ –æ–...

You may provide a definition with
\DeclareUnicodeCharacter 


! LaTeX Error: Unicode character –∫ (U+043A)
               not set up for use with LaTeX.

See the LaTeX manual or LaTeX Companion for explanation.
Type  H <return>  for immediate help.
 ...                                              
                                                  
l.3 ...∑–æ–≤–∞—Ç–µ–ª—å—Å–∫–æ–µ –æ–ø–∏—Å–∞–Ω–∏–µ –∫
                                                  –∞–∫–æ–≥–æ-–ª–∏–±–æ –æ–±—ä...

You may provide a definition with
\DeclareUnicodeCharacter 


! LaTeX Error: Unicode character –∞ (U+0430)
               not set up for use with LaTeX.

See the LaTeX manual or LaTeX Companion for explanation.
Type  H <return>  for immediate help.
 ...                                              
                                                  
l.3 ...æ–≤–∞—Ç–µ–ª—å—Å–∫–æ–µ –æ–ø–∏—Å–∞–Ω–∏–µ –∫–∞
                                                  –∫–æ–≥–æ-–ª–∏–±–æ –æ–±—ä–µ...

You may provide a definition with
\DeclareUnicodeCharacter 


! LaTeX Error: Unicode character –∫ (U+043A)
               not set up for use with LaTeX.

See the LaTeX manual or LaTeX Companion for explanation.
Type  H <return>  for immediate help.
 ...                                              
                                                  
l.3 ...≤–∞—Ç–µ–ª—å—Å–∫–æ–µ –æ–ø–∏—Å–∞–Ω–∏–µ –∫–∞–∫
                                                  –æ–≥–æ-–ª–∏–±–æ –æ–±—ä–µ–∫...

You may provide a definition with
\DeclareUnicodeCharacter 


! LaTeX Error: Unicode character –æ (U+043E)
               not set up for use with LaTeX.

See the LaTeX manual or LaTeX Companion for explanation.
Type  H <return>  for immediate help.
 ...                                              
                                                  
l.3 ...∞—Ç–µ–ª—å—Å–∫–æ–µ –æ–ø–∏—Å–∞–Ω–∏–µ –∫–∞–∫–æ
                                                  –≥–æ-–ª–∏–±–æ –æ–±—ä–µ–∫—Ç...
(That makes 100 errors; please try again.) 
Here is how much of TeX's memory you used:
 43 strings out of 478681
 758 string characters out of 2856392
 295552 words of memory out of 3000000
 18248 multiletter control sequences out of 15000+600000
 403430 words of font info for 27 fonts, out of 8000000 for 9000
 1141 hyphenation exceptions out of 8191
 13i,0n,12p,272b,28s stack positions out of 5000i,500n,10000p,200000b,80000s

!  ==> Fatal error occurred, no output PDF file produced!
